# JRE version: OpenJDK Runtime Environment Temurin-17.0.3+7 (17.0.3+7) (build 17.0.3+7)
# Java VM: OpenJDK 64-Bit Server VM Temurin-17.0.3+7 (17.0.3+7, mixed mode, tiered, compressed oops, compressed class ptrs, g1 gc, windows-amd64)
GC Precious Log:
 CPUs: 8 total, 8 available
 Memory: 16222M
 Large Page Support: Disabled
 NUMA Support: Disabled
 Compressed Oops: Enabled (Zero based)
 Heap Region Size: 2M
 Heap Min Capacity: 8M
 Heap Initial Capacity: 254M
 Heap Max Capacity: 4056M
 Pre-touch: Disabled
 Parallel Workers: 8
 Concurrent Workers: 2
 Concurrent Refinement Workers: 8
 Periodic GC: Disabled
Heap:
 garbage-first heap   total 102400K, used 40685K [0x0000000702800000, 0x0000000800000000)
  region size 2048K, 5 young (10240K), 1 survivors (2048K)
 Metaspace       used 83234K, committed 83776K, reserved 1122304K
  class space    used 10910K, committed 11200K, reserved 1048576K
GC Heap History (20 events):
Event: 18.810 GC heap before
{Heap before GC invocations=16 (full 0):
 garbage-first heap   total 81920K, used 63343K [0x0000000702800000, 0x0000000800000000)
  region size 2048K, 22 young (45056K), 1 survivors (2048K)
 Metaspace       used 60691K, committed 61120K, reserved 1105920K
  class space    used 7626K, committed 7808K, reserved 1048576K
}
Event: 18.813 GC heap after
{Heap after GC invocations=17 (full 0):
 garbage-first heap   total 81920K, used 22399K [0x0000000702800000, 0x0000000800000000)
  region size 2048K, 1 young (2048K), 1 survivors (2048K)
 Metaspace       used 60691K, committed 61120K, reserved 1105920K
  class space    used 7626K, committed 7808K, reserved 1048576K
}
Event: 19.193 GC heap before
{Heap before GC invocations=17 (full 0):
 garbage-first heap   total 81920K, used 65407K [0x0000000702800000, 0x0000000800000000)
  region size 2048K, 22 young (45056K), 1 survivors (2048K)
 Metaspace       used 64197K, committed 64640K, reserved 1105920K
  class space    used 8137K, committed 8320K, reserved 1048576K
}
Event: 19.197 GC heap after
{Heap after GC invocations=18 (full 0):
 garbage-first heap   total 81920K, used 23419K [0x0000000702800000, 0x0000000800000000)
  region size 2048K, 1 young (2048K), 1 survivors (2048K)
 Metaspace       used 64197K, committed 64640K, reserved 1105920K
  class space    used 8137K, committed 8320K, reserved 1048576K
}
Event: 19.680 GC heap before
{Heap before GC invocations=18 (full 0):
 garbage-first heap   total 81920K, used 66427K [0x0000000702800000, 0x0000000800000000)
  region size 2048K, 22 young (45056K), 1 survivors (2048K)
 Metaspace       used 67826K, committed 68352K, reserved 1114112K
  class space    used 8603K, committed 8832K, reserved 1048576K
}
Event: 19.687 GC heap after
{Heap after GC invocations=19 (full 0):
 garbage-first heap   total 172032K, used 24922K [0x0000000702800000, 0x0000000800000000)
  region size 2048K, 2 young (4096K), 2 survivors (4096K)
 Metaspace       used 67826K, committed 68352K, reserved 1114112K
  class space    used 8603K, committed 8832K, reserved 1048576K
}
Event: 20.154 GC heap before
{Heap before GC invocations=20 (full 0):
 garbage-first heap   total 102400K, used 82266K [0x0000000702800000, 0x0000000800000000)
  region size 2048K, 30 young (61440K), 2 survivors (4096K)
 Metaspace       used 71541K, committed 72064K, reserved 1114112K
  class space    used 9356K, committed 9600K, reserved 1048576K
}
Event: 20.164 GC heap after
{Heap after GC invocations=21 (full 0):
 garbage-first heap   total 102400K, used 27625K [0x0000000702800000, 0x0000000800000000)
  region size 2048K, 3 young (6144K), 3 survivors (6144K)
 Metaspace       used 71541K, committed 72064K, reserved 1114112K
  class space    used 9356K, committed 9600K, reserved 1048576K
}
Event: 20.172 GC heap before
{Heap before GC invocations=21 (full 0):
 garbage-first heap   total 102400K, used 29673K [0x0000000702800000, 0x0000000800000000)
  region size 2048K, 4 young (8192K), 3 survivors (6144K)
 Metaspace       used 71548K, committed 72064K, reserved 1114112K
  class space    used 9356K, committed 9600K, reserved 1048576K
}
Event: 20.185 GC heap after
{Heap after GC invocations=22 (full 0):
 garbage-first heap   total 102400K, used 28174K [0x0000000702800000, 0x0000000800000000)
  region size 2048K, 1 young (2048K), 1 survivors (2048K)
 Metaspace       used 71548K, committed 72064K, reserved 1114112K
  class space    used 9356K, committed 9600K, reserved 1048576K
}
Event: 20.554 GC heap before
{Heap before GC invocations=22 (full 0):
 garbage-first heap   total 102400K, used 81422K [0x0000000702800000, 0x0000000800000000)
  region size 2048K, 27 young (55296K), 1 survivors (2048K)
 Metaspace       used 73458K, committed 74048K, reserved 1114112K
  class space    used 9595K, committed 9856K, reserved 1048576K
}
Event: 20.557 GC heap after
{Heap after GC invocations=23 (full 0):
 garbage-first heap   total 102400K, used 29838K [0x0000000702800000, 0x0000000800000000)
  region size 2048K, 2 young (4096K), 2 survivors (4096K)
 Metaspace       used 73458K, committed 74048K, reserved 1114112K
  class space    used 9595K, committed 9856K, reserved 1048576K
}
Event: 20.904 GC heap before
{Heap before GC invocations=23 (full 0):
 garbage-first heap   total 102400K, used 81038K [0x0000000702800000, 0x0000000800000000)
  region size 2048K, 27 young (55296K), 2 survivors (4096K)
 Metaspace       used 74416K, committed 75008K, reserved 1114112K
  class space    used 9703K, committed 9984K, reserved 1048576K
}
Event: 20.907 GC heap after
{Heap after GC invocations=24 (full 0):
 garbage-first heap   total 102400K, used 31118K [0x0000000702800000, 0x0000000800000000)
  region size 2048K, 2 young (4096K), 2 survivors (4096K)
 Metaspace       used 74416K, committed 75008K, reserved 1114112K
  class space    used 9703K, committed 9984K, reserved 1048576K
}
Event: 21.530 GC heap before
{Heap before GC invocations=24 (full 0):
 garbage-first heap   total 102400K, used 84366K [0x0000000702800000, 0x0000000800000000)
  region size 2048K, 28 young (57344K), 2 survivors (4096K)
 Metaspace       used 78036K, committed 78528K, reserved 1122304K
  class space    used 10213K, committed 10432K, reserved 1048576K
}
Event: 21.536 GC heap after
{Heap after GC invocations=25 (full 0):
 garbage-first heap   total 102400K, used 33669K [0x0000000702800000, 0x0000000800000000)
  region size 2048K, 4 young (8192K), 4 survivors (8192K)
 Metaspace       used 78036K, committed 78528K, reserved 1122304K
  class space    used 10213K, committed 10432K, reserved 1048576K
}
Event: 27.023 GC heap before
{Heap before GC invocations=26 (full 0):
 garbage-first heap   total 102400K, used 78725K [0x0000000702800000, 0x0000000800000000)
  region size 2048K, 27 young (55296K), 4 survivors (8192K)
 Metaspace       used 82488K, committed 83072K, reserved 1122304K
  class space    used 10812K, committed 11072K, reserved 1048576K
}
Event: 27.033 GC heap after
{Heap after GC invocations=27 (full 0):
 garbage-first heap   total 102400K, used 34886K [0x0000000702800000, 0x0000000800000000)
  region size 2048K, 3 young (6144K), 3 survivors (6144K)
 Metaspace       used 82488K, committed 83072K, reserved 1122304K
  class space    used 10812K, committed 11072K, reserved 1048576K
}
Event: 27.088 GC heap before
{Heap before GC invocations=27 (full 0):
 garbage-first heap   total 102400K, used 36934K [0x0000000702800000, 0x0000000800000000)
  region size 2048K, 4 young (8192K), 3 survivors (6144K)
 Metaspace       used 82710K, committed 83328K, reserved 1122304K
  class space    used 10847K, committed 11136K, reserved 1048576K
}
Event: 27.106 GC heap after
{Heap after GC invocations=28 (full 0):
 garbage-first heap   total 102400K, used 34541K [0x0000000702800000, 0x0000000800000000)
  region size 2048K, 1 young (2048K), 1 survivors (2048K)
 Metaspace       used 82710K, committed 83328K, reserved 1122304K
  class space    used 10847K, committed 11136K, reserved 1048576K
}

